<?xml version="1.0" encoding="UTF-8"?>
<!-- Generated by org.testng.reporters.JUnitXMLReporter -->
<testsuite ignored="0" hostname="DESKTOP-SESNNIV" failures="0" tests="1" name="Test-Runner-firefox(failed)" time="39.745" errors="0" timestamp="2022-11-09T12:10:21 IST">
  <testcase classname="vTiger.ContactsTests.CreateContactWithOrganizationTest" name="createContactWithOrganizationTest" time="26.902"/>
</testsuite> <!-- Test-Runner-firefox(failed) -->
