<?xml version="1.0" encoding="UTF-8"?>
<!-- Generated by org.testng.reporters.JUnitXMLReporter -->
<testsuite ignored="2" hostname="DESKTOP-SESNNIV" failures="0" tests="3" name="Test-Runner-1" time="102.766" errors="0" timestamp="2022-11-11T09:06:15 IST">
  <testcase classname="vTiger.ContactsTests.CreateContactTest" name="createContactTest" time="17.971"/>
  <testcase classname="vTiger.ContactsTests.CreateContactTest" name="createContactWithLeadSource" time="0.005"/>
  <testcase classname="vTiger.ContactsTests.CreateContactWithOrganizationTest" name="createContactWithOrganizationTest" time="37.318"/>
  <testcase classname="vTiger.GenericLibrary.BaseClass" name="@BeforeSuite bsConfig" time="0.0">
    <ignored/>
  </testcase> <!-- @BeforeSuite bsConfig -->
  <testcase classname="vTiger.GenericLibrary.BaseClass" name="@AfterSuite asConfig" time="0.0">
    <ignored/>
  </testcase> <!-- @AfterSuite asConfig -->
</testsuite> <!-- Test-Runner-1 -->
