<?xml version="1.0" encoding="UTF-8"?>
<!-- Generated by org.testng.reporters.JUnitXMLReporter -->
<testsuite ignored="4" hostname="DESKTOP-SESNNIV" failures="0" tests="3" name="Test-Runner-3" time="106.103" errors="0" timestamp="2022-11-11T09:06:19 IST">
  <testcase classname="vTiger.VendorsTest.CreateVendorTest" name="createVendorsTest" time="12.836"/>
  <testcase classname="vTiger.ProductsTest.CreateProductTest" name="cretaeProductTest" time="17.422"/>
  <testcase classname="vTiger.ProductsTest.CreateProductWithVendorTest" name="createProductWithvendorTest" time="28.096"/>
  <testcase classname="vTiger.GenericLibrary.BaseClass" name="@BeforeSuite bsConfig" time="0.0">
    <ignored/>
  </testcase> <!-- @BeforeSuite bsConfig -->
  <testcase classname="vTiger.GenericLibrary.BaseClass" name="@BeforeSuite bsConfig" time="0.0">
    <ignored/>
  </testcase> <!-- @BeforeSuite bsConfig -->
  <testcase classname="vTiger.GenericLibrary.BaseClass" name="@AfterSuite asConfig" time="0.0">
    <ignored/>
  </testcase> <!-- @AfterSuite asConfig -->
  <testcase classname="vTiger.GenericLibrary.BaseClass" name="@AfterSuite asConfig" time="0.0">
    <ignored/>
  </testcase> <!-- @AfterSuite asConfig -->
</testsuite> <!-- Test-Runner-3 -->
