<?xml version="1.0" encoding="UTF-8"?>
<!-- Generated by org.testng.reporters.JUnitReportReporter -->
<testsuite hostname="DESKTOP-SESNNIV" failures="0" tests="1" name="vTiger.ProductsTest.CreateProductWithVendorTest" time="35.908" errors="0" timestamp="2022-11-15T10:00:21 IST" skipped="0">
  <testcase classname="vTiger.ProductsTest.CreateProductWithVendorTest" name="createProductWithvendorTest" time="35.908"/>
  <system-out>
    <![CDATA[ test execution  started-->createProductWithvendorTest
test is successfull--->createProductWithvendorTest]]>
  </system-out>
</testsuite> <!-- vTiger.ProductsTest.CreateProductWithVendorTest -->
