<?xml version="1.0" encoding="UTF-8"?>
<!-- Generated by org.testng.reporters.JUnitReportReporter -->
<testsuite hostname="DESKTOP-SESNNIV" failures="0" tests="1" name="vTiger.OrganizationsTests.CreateOrganizationTest" time="13.816" errors="0" timestamp="2022-11-16T14:04:03 IST" skipped="0">
  <testcase classname="vTiger.OrganizationsTests.CreateOrganizationTest" name="createOrganizationTest" time="13.816"/>
  <system-out>
    <![CDATA[ test execution  started-->createOrganizationTest
test is successfull--->createOrganizationTest]]>
  </system-out>
</testsuite> <!-- vTiger.OrganizationsTests.CreateOrganizationTest -->
