<?xml version="1.0" encoding="UTF-8"?>
<!-- Generated by org.testng.reporters.JUnitReportReporter -->
<testsuite hostname="DESKTOP-SESNNIV" failures="0" tests="1" name="vTiger.Practice.AssertionsPractice" time="0.010" errors="0" timestamp="2022-11-10T09:52:53 IST" skipped="0">
  <testcase classname="vTiger.Practice.AssertionsPractice" name="AssertTest" time="0.010"/>
  <system-out/>
</testsuite> <!-- vTiger.Practice.AssertionsPractice -->
