<?xml version="1.0" encoding="UTF-8"?>
<!-- Generated by org.testng.reporters.JUnitReportReporter -->
<testsuite hostname="DESKTOP-SESNNIV" failures="0" tests="5" name="vTiger.OrganizationsTests.CreateMultiOrgWithIndustryTypeTest" time="134.773" errors="0" timestamp="2022-11-16T14:53:33 IST" skipped="0">
  <testcase classname="vTiger.OrganizationsTests.CreateMultiOrgWithIndustryTypeTest" name="createMulorgWithIndType" time="30.398"/>
  <system-out/>
  <testcase classname="vTiger.OrganizationsTests.CreateMultiOrgWithIndustryTypeTest" name="createMulorgWithIndType" time="22.510"/>
  <system-out/>
  <testcase classname="vTiger.OrganizationsTests.CreateMultiOrgWithIndustryTypeTest" name="createMulorgWithIndType" time="24.011"/>
  <system-out/>
  <testcase classname="vTiger.OrganizationsTests.CreateMultiOrgWithIndustryTypeTest" name="createMulorgWithIndType" time="31.605"/>
  <system-out/>
  <testcase classname="vTiger.OrganizationsTests.CreateMultiOrgWithIndustryTypeTest" name="createMulorgWithIndType" time="26.249"/>
  <system-out/>
</testsuite> <!-- vTiger.OrganizationsTests.CreateMultiOrgWithIndustryTypeTest -->
