<?xml version="1.0" encoding="UTF-8"?>
<!-- Generated by org.testng.reporters.JUnitReportReporter -->
<testsuite hostname="DESKTOP-SESNNIV" failures="0" tests="3" name="vTiger.Practice.TestNGPractice" time="0.017" errors="0" timestamp="2022-11-05T10:04:41 IST" skipped="0">
  <testcase classname="vTiger.Practice.TestNGPractice" name="modifyCustomer" time="0.003"/>
  <system-out/>
  <testcase classname="vTiger.Practice.TestNGPractice" name="createCustomer" time="0.012"/>
  <system-out/>
  <testcase classname="vTiger.Practice.TestNGPractice" name="deleteCustomer" time="0.002"/>
  <system-out/>
</testsuite> <!-- vTiger.Practice.TestNGPractice -->
