<?xml version="1.0" encoding="UTF-8"?>
<!-- Generated by org.testng.reporters.JUnitReportReporter -->
<testsuite hostname="DESKTOP-SESNNIV" failures="0" tests="1" name="vTiger.Practice.TestngAnotationsPractice" time="0.007" errors="0" timestamp="2022-11-05T08:11:11 IST" skipped="0">
  <testcase classname="vTiger.Practice.TestngAnotationsPractice" name="mainTask" time="0.007"/>
  <system-out/>
</testsuite> <!-- vTiger.Practice.TestngAnotationsPractice -->
