<?xml version="1.0" encoding="UTF-8"?>
<!-- Generated by org.testng.reporters.JUnitReportReporter -->
<testsuite hostname="DESKTOP-SESNNIV" failures="0" tests="1" name="vTiger.ContactsTests.CreateContactWithOrganizationTest" time="44.562" errors="0" timestamp="2022-11-15T10:00:21 IST" skipped="0">
  <testcase classname="vTiger.ContactsTests.CreateContactWithOrganizationTest" name="createContactWithOrganizationTest" time="44.562"/>
  <system-out>
    <![CDATA[ test execution  started-->createContactWithOrganizationTest
test is successfull--->createContactWithOrganizationTest]]>
  </system-out>
</testsuite> <!-- vTiger.ContactsTests.CreateContactWithOrganizationTest -->
