<?xml version="1.0" encoding="UTF-8"?>
<!-- Generated by org.testng.reporters.JUnitReportReporter -->
<testsuite hostname="DESKTOP-SESNNIV" failures="0" tests="1" name="vTiger.OrganizationsTests.CreateOrganizationWithIndustryTest" time="18.675" errors="0" timestamp="2022-11-13T08:13:27 IST" skipped="0">
  <testcase classname="vTiger.OrganizationsTests.CreateOrganizationWithIndustryTest" name="createOrganizationWithIndustryTest" time="18.675"/>
  <system-out>
    <![CDATA[ test execution  started-->createOrganizationWithIndustryTest
test is successfull--->createOrganizationWithIndustryTest]]>
  </system-out>
</testsuite> <!-- vTiger.OrganizationsTests.CreateOrganizationWithIndustryTest -->
