<?xml version="1.0" encoding="UTF-8"?>
<!-- Generated by org.testng.reporters.JUnitReportReporter -->
<testsuite hostname="DESKTOP-SESNNIV" failures="0" tests="1" name="vTiger.ProductsTest.CreateProductTest" time="16.611" errors="0" timestamp="2022-11-13T08:13:26 IST" skipped="0">
  <testcase classname="vTiger.ProductsTest.CreateProductTest" name="cretaeProductTest" time="16.611"/>
  <system-out>
    <![CDATA[ test execution  started-->cretaeProductTest
test is successfull--->cretaeProductTest]]>
  </system-out>
</testsuite> <!-- vTiger.ProductsTest.CreateProductTest -->
