<?xml version="1.0" encoding="UTF-8"?>
<!-- Generated by org.testng.reporters.JUnitReportReporter -->
<testsuite hostname="DESKTOP-SESNNIV" failures="0" tests="1" name="vTiger.ContactsTests.CreateContactTest" time="18.481" errors="0" timestamp="2022-11-13T08:13:26 IST" skipped="0">
  <testcase classname="vTiger.ContactsTests.CreateContactTest" name="createContactTest" time="18.481"/>
  <system-out>
    <![CDATA[ test execution  started-->createContactTest
test is successfull--->createContactTest]]>
  </system-out>
</testsuite> <!-- vTiger.ContactsTests.CreateContactTest -->
