<?xml version="1.0" encoding="UTF-8"?>
<!-- Generated by org.testng.reporters.JUnitReportReporter -->
<testsuite hostname="DESKTOP-SESNNIV" failures="0" tests="2" name="vTiger.Practice.DataProviderPractice" time="0.017" errors="0" timestamp="2022-11-10T09:05:43 IST" skipped="0">
  <testcase classname="vTiger.Practice.DataProviderPractice" name="addToCartTest" time="0.002"/>
  <system-out/>
  <testcase classname="vTiger.Practice.DataProviderPractice" name="addToCartTest" time="0.015"/>
  <system-out/>
</testsuite> <!-- vTiger.Practice.DataProviderPractice -->
