<?xml version="1.0" encoding="UTF-8"?>
<!-- Generated by org.testng.reporters.JUnitReportReporter -->
<testsuite hostname="DESKTOP-SESNNIV" failures="0" tests="1" name="vTiger.Practice.RuntimeParametersPracticeTest" time="0.013" errors="0" timestamp="2022-11-18T09:49:59 IST" skipped="0">
  <testcase classname="vTiger.Practice.RuntimeParametersPracticeTest" name="runTimeparametersTest" time="0.013"/>
  <system-out/>
</testsuite> <!-- vTiger.Practice.RuntimeParametersPracticeTest -->
